<?xml version="1.0" encoding="UTF-8"?>
<testsuite name="com.barclays.masterjson.MainTest" tests="1" skipped="0" failures="0" errors="0" timestamp="2019-02-20T13:01:01" hostname="DESKTOP-9EPA6PL" time="0.0">
  <properties/>
  <testcase name="testSomeLibraryMethod" classname="com.barclays.masterjson.MainTest" time="0.0"/>
  <system-out><![CDATA[]]></system-out>
  <system-err><![CDATA[]]></system-err>
</testsuite>
