<?xml version="1.0" encoding="UTF-8"?>
<testsuite name="fetch.stage.zero.jsons.MainTest" tests="1" skipped="0" failures="0" errors="0" timestamp="2019-02-07T11:40:03" hostname="DESKTOP-9EPA6PL" time="0.003">
  <properties/>
  <testcase name="testSomeLibraryMethod" classname="fetch.stage.zero.jsons.MainTest" time="0.003"/>
  <system-out><![CDATA[]]></system-out>
  <system-err><![CDATA[]]></system-err>
</testsuite>
