<?xml version="1.0" encoding="UTF-8"?>
<testsuite name="com.barclays.masterjson.controller.MasterJsonControllerTest" tests="1" skipped="0" failures="0" errors="0" timestamp="2019-02-19T10:12:37" hostname="DESKTOP-9EPA6PL" time="0.0">
  <properties/>
  <testcase name="testSomeLibraryMethod" classname="com.barclays.masterjson.controller.MasterJsonControllerTest" time="0.0"/>
  <system-out><![CDATA[]]></system-out>
  <system-err><![CDATA[]]></system-err>
</testsuite>
