<?xml version="1.0" encoding="UTF-8"?>
<testsuite name="com.barclays.masterjson.MainTest" tests="1" skipped="0" failures="0" errors="0" timestamp="2019-02-13T12:45:56" hostname="DESKTOP-9EPA6PL" time="0.002">
  <properties/>
  <testcase name="testSomeLibraryMethod" classname="com.barclays.masterjson.MainTest" time="0.002"/>
  <system-out><![CDATA[]]></system-out>
  <system-err><![CDATA[]]></system-err>
</testsuite>
